Microsoft (R) Macro Assembler Version 6.1a 		    03/25/22 22:32:00
prog.asm						     Page 1 - 1


 0000				StkSeg SEGMENT PARA STACK 'STACK'
 0000  0200 [					DB 200h DUP (?)
        00
       ]
 0200				StkSeg ENDS

 0000				DataS SEGMENT WORD 'DATA'
 0000 0D					HelloMessage DB 13
 0001  0A					DB 10
 0002  48 65 6C 6C 6F 2C			DB 'Hello, world !'
       20 77 6F 72 6C 64
       20 21
 0010  24					DB '$'
 0011				DataS ENDS

 0000				Code SEGMENT WORD 'CODE'
					ASSUME CS:Code, DS:DataS
 0000				DispMsg:
 0000  B8 ---- R				mov AX,DataS	
 0003  8E D8					mov DS,AX
 0005  BA 0000 R				mov DX,OFFSET HelloMessage
 0008  B4 09					mov AH,9 
 000A  CD 21					int 21h
 000C  B4 07					mov AH,7
 000E  CD 21					INT 21h
 0010  B4 09					mov AH, 9
 0012  B9 0002					mov CX, 2
 0015				label1:
 0015  CD 21			                int 21h
 0017  E2 FC			                loop label1
 0019  B4 4C					mov AH,4Ch
 001B  CD 21					int 21h
 001D				Code ENDS
				END DispMsg
Microsoft (R) Macro Assembler Version 6.1a 		    03/25/22 22:32:00
prog.asm						     Symbols 2 - 1




Segments and Groups:

                N a m e                 Size     Length   Align   Combine Class

Code . . . . . . . . . . . . . .	16 Bit	 001D	  Word	  Private 'CODE'	
DataS  . . . . . . . . . . . . .	16 Bit	 0011	  Word	  Private 'DATA'	
StkSeg . . . . . . . . . . . . .	16 Bit	 0200	  Para	  Stack	  'STACK'	 


Symbols:

                N a m e                 Type     Value    Attr

DispMsg  . . . . . . . . . . . .	L Near	 0000	  Code	
HelloMessage . . . . . . . . . .	Byte	 0000	  DataS	
label1 . . . . . . . . . . . . .	L Near	 0015	  Code	

	   0 Warnings
	   0 Errors
